<?xml version="1.0" encoding="UTF-8"?>
<!-- Generated by org.testng.reporters.JUnitXMLReporter -->
<testsuite ignored="0" hostname="ASCENDI-DHNJFQU" failures="2" tests="3" name="ChromeTest" time="29.289" errors="0" timestamp="2025-10-15T12:28:22 IST">
  <testcase classname="pac1.TC008_TestNG" name="f" time="0.021">
    <failure type="java.lang.Error" message="Unresolved compilation problem: 
	The constructor login_pageobjects(WebDriver) is undefined
">
      <![CDATA[java.lang.Error: Unresolved compilation problem: 
The constructor login_pageobjects(WebDriver) is undefined

at pac1.TC008_TestNG.f(TC008_TestNG.java:48)
at java.base/java.util.ArrayList.forEach(ArrayList.java:1596)
at java.base/java.util.concurrent.FutureTask.run(FutureTask.java:317)
at java.base/java.util.concurrent.ThreadPoolExecutor.runWorker(ThreadPoolExecutor.java:1144)
at java.base/java.util.concurrent.ThreadPoolExecutor$Worker.run(ThreadPoolExecutor.java:642)
at java.base/java.lang.Thread.run(Thread.java:1583)
... Removed 15 stack frames]]>
    </failure>
  </testcase> <!-- f -->
  <testcase classname="pac1.TC008_TestNG" name="f" time="0.005">
    <failure type="java.lang.Error" message="Unresolved compilation problem: 
	The constructor login_pageobjects(WebDriver) is undefined
">
      <![CDATA[java.lang.Error: Unresolved compilation problem: 
The constructor login_pageobjects(WebDriver) is undefined

at pac1.TC008_TestNG.f(TC008_TestNG.java:48)
at java.base/java.util.ArrayList.forEach(ArrayList.java:1596)
at java.base/java.util.concurrent.FutureTask.run(FutureTask.java:317)
at java.base/java.util.concurrent.ThreadPoolExecutor.runWorker(ThreadPoolExecutor.java:1144)
at java.base/java.util.concurrent.ThreadPoolExecutor$Worker.run(ThreadPoolExecutor.java:642)
at java.base/java.lang.Thread.run(Thread.java:1583)
... Removed 15 stack frames]]>
    </failure>
  </testcase> <!-- f -->
  <testcase classname="pac1.TC008_TestNG" name="test2" time="0.004"/>
</testsuite> <!-- ChromeTest -->
